<?xml version="1.0" encoding="UTF-8"?>
<!-- Generated by org.testng.reporters.JUnitReportReporter -->
<testsuite hostname="hp" failures="0" tests="1" name="com.automation.testCases.GoogleSearchPageTest" time="4.799" errors="0" timestamp="24 May 2020 12:54:43 GMT" skipped="0">
  <testcase classname="com.automation.testCases.GoogleSearchPageTest" name="GoogleSearchTest" time="4.799"/>
</testsuite> <!-- com.automation.testCases.GoogleSearchPageTest -->
