<?xml version="1.0" encoding="UTF-8"?>
<!-- Generated by org.testng.reporters.JUnitReportReporter -->
<testsuite hostname="hp" failures="0" tests="2" name="utils.ExcelDataProvider" time="0.016" errors="0" timestamp="02 Jun 2020 16:21:55 GMT" skipped="0">
  <testcase classname="utils.ExcelDataProvider" name="test1" time="0.016"/>
  <testcase classname="utils.ExcelDataProvider" name="test1" time="0.000"/>
</testsuite> <!-- utils.ExcelDataProvider -->
