<?xml version="1.0" encoding="UTF-8"?>
<!-- Generated by org.testng.reporters.JUnitReportReporter -->
<testsuite hostname="hp" failures="0" tests="1" name="com.automation.testCases.ExtentReportsDemoWithTestNG" time="0.029" errors="0" timestamp="21 May 2020 20:57:42 GMT" skipped="0">
  <testcase classname="com.automation.testCases.ExtentReportsDemoWithTestNG" name="test1" time="0.029"/>
</testsuite> <!-- com.automation.testCases.ExtentReportsDemoWithTestNG -->
