<?xml version="1.0" encoding="UTF-8"?>
<!-- Generated by org.testng.reporters.JUnitReportReporter -->
<testsuite hostname="hp" failures="0" tests="1" name="frameWWrk.StudentSingle" time="0.033" errors="1" timestamp="11 May 2020 18:41:35 GMT" skipped="0">
  <testcase classname="frameWWrk.StudentSingle" name="certiFicategenforEmp" time="0.033">
    <error message="org.apache.logging.slf4j.Log4jLoggerFactory: method &lt;init&gt;()V not found" type="java.lang.NoSuchMethodError">
      <![CDATA[java.lang.NoSuchMethodError: org.apache.logging.slf4j.Log4jLoggerFactory: method <init>()V not found
at org.slf4j.impl.StaticLoggerBinder.<init>(StaticLoggerBinder.java:53)
at org.slf4j.impl.StaticLoggerBinder.<clinit>(StaticLoggerBinder.java:41)
at org.slf4j.LoggerFactory.bind(LoggerFactory.java:150)
at org.slf4j.LoggerFactory.performInitialization(LoggerFactory.java:124)
at org.slf4j.LoggerFactory.getILoggerFactory(LoggerFactory.java:412)
at org.slf4j.LoggerFactory.getLogger(LoggerFactory.java:357)
at org.slf4j.LoggerFactory.getLogger(LoggerFactory.java:383)
at io.github.bonigarcia.wdm.WebDriverManager.<clinit>(WebDriverManager.java:95)
at frameWWrk.StudentSingle.certiFicategenforEmp(StudentSingle.java:20)
at java.base/jdk.internal.reflect.NativeMethodAccessorImpl.invoke0(Native Method)
at java.base/jdk.internal.reflect.NativeMethodAccessorImpl.invoke(NativeMethodAccessorImpl.java:62)
at java.base/jdk.internal.reflect.DelegatingMethodAccessorImpl.invoke(DelegatingMethodAccessorImpl.java:43)
at java.base/java.lang.reflect.Method.invoke(Method.java:564)
at org.testng.internal.MethodInvocationHelper.invokeMethod(MethodInvocationHelper.java:124)
at org.testng.internal.Invoker.invokeMethod(Invoker.java:583)
at org.testng.internal.Invoker.invokeTestMethod(Invoker.java:719)
at org.testng.internal.Invoker.invokeTestMethods(Invoker.java:989)
at org.testng.internal.TestMethodWorker.invokeTestMethods(TestMethodWorker.java:125)
at org.testng.internal.TestMethodWorker.run(TestMethodWorker.java:109)
at org.testng.TestRunner.privateRun(TestRunner.java:648)
at org.testng.TestRunner.run(TestRunner.java:505)
at org.testng.SuiteRunner.runTest(SuiteRunner.java:455)
at org.testng.SuiteRunner.runSequentially(SuiteRunner.java:450)
at org.testng.SuiteRunner.privateRun(SuiteRunner.java:415)
at org.testng.SuiteRunner.run(SuiteRunner.java:364)
at org.testng.SuiteRunnerWorker.runSuite(SuiteRunnerWorker.java:52)
at org.testng.SuiteRunnerWorker.run(SuiteRunnerWorker.java:84)
at org.testng.TestNG.runSuitesSequentially(TestNG.java:1208)
at org.testng.TestNG.runSuitesLocally(TestNG.java:1137)
at org.testng.TestNG.runSuites(TestNG.java:1049)
at org.testng.TestNG.run(TestNG.java:1017)
at org.testng.remote.AbstractRemoteTestNG.run(AbstractRemoteTestNG.java:114)
at org.testng.remote.RemoteTestNG.initAndRun(RemoteTestNG.java:251)
at org.testng.remote.RemoteTestNG.main(RemoteTestNG.java:77)
]]>
    </error>
  </testcase> <!-- certiFicategenforEmp -->
</testsuite> <!-- frameWWrk.StudentSingle -->
